Analysis & Synthesis report for MIPS_Pipeline
Wed Dec 04 21:30:37 2024
Quartus II 64-Bit Version 13.0.0 Build 156 04/24/2013 SJ Web Edition


---------------------
; Table of Contents ;
---------------------
  1. Legal Notice
  2. Analysis & Synthesis Summary
  3. Analysis & Synthesis Settings
  4. Parallel Compilation
  5. Analysis & Synthesis Source Files Read
  6. Analysis & Synthesis Resource Usage Summary
  7. Analysis & Synthesis Resource Utilization by Entity
  8. Analysis & Synthesis RAM Summary
  9. Analysis & Synthesis DSP Block Usage Summary
 10. Registers Removed During Synthesis
 11. General Register Statistics
 12. Inverted Register Statistics
 13. Registers Added for RAM Pass-Through Logic
 14. Multiplexer Restructuring Statistics (Restructuring Performed)
 15. Source assignments for altsyncram:mem_d_rtl_0|altsyncram_aom1:auto_generated
 16. Parameter Settings for Inferred Entity Instance: altsyncram:mem_d_rtl_0
 17. Parameter Settings for Inferred Entity Instance: lpm_mult:Mult0
 18. Parameter Settings for Inferred Entity Instance: lpm_mult:Mult1
 19. altsyncram Parameter Settings by Entity Instance
 20. lpm_mult Parameter Settings by Entity Instance
 21. Elapsed Time Per Partition
 22. Analysis & Synthesis Messages



----------------
; Legal Notice ;
----------------
Copyright (C) 1991-2013 Altera Corporation
Your use of Altera Corporation's design tools, logic functions 
and other software and tools, and its AMPP partner logic 
functions, and any output files from any of the foregoing 
(including device programming or simulation files), and any 
associated documentation or information are expressly subject 
to the terms and conditions of the Altera Program License 
Subscription Agreement, Altera MegaCore Function License 
Agreement, or other applicable license agreement, including, 
without limitation, that your use is for the sole purpose of 
programming logic devices manufactured by Altera and sold by 
Altera or its authorized distributors.  Please refer to the 
applicable agreement for further details.



+---------------------------------------------------------------------------------+
; Analysis & Synthesis Summary                                                    ;
+------------------------------------+--------------------------------------------+
; Analysis & Synthesis Status        ; Successful - Wed Dec 04 21:30:37 2024      ;
; Quartus II 64-Bit Version          ; 13.0.0 Build 156 04/24/2013 SJ Web Edition ;
; Revision Name                      ; MIPS_Pipeline                              ;
; Top-level Entity Name              ; MIPS_Pipeline                              ;
; Family                             ; Cyclone III                                ;
; Total logic elements               ; 611                                        ;
;     Total combinational functions  ; 429                                        ;
;     Dedicated logic registers      ; 270                                        ;
; Total registers                    ; 270                                        ;
; Total pins                         ; 18                                         ;
; Total virtual pins                 ; 0                                          ;
; Total memory bits                  ; 2,048                                      ;
; Embedded Multiplier 9-bit elements ; 1                                          ;
; Total PLLs                         ; 0                                          ;
+------------------------------------+--------------------------------------------+


+----------------------------------------------------------------------------------------------------------------------+
; Analysis & Synthesis Settings                                                                                        ;
+----------------------------------------------------------------------------+--------------------+--------------------+
; Option                                                                     ; Setting            ; Default Value      ;
+----------------------------------------------------------------------------+--------------------+--------------------+
; Top-level entity name                                                      ; MIPS_Pipeline      ; MIPS_Pipeline      ;
; Family name                                                                ; Cyclone III        ; Cyclone IV GX      ;
; VHDL Show LMF Mapping Messages                                             ; Off                ;                    ;
; VHDL Version                                                               ; VHDL_2008          ; VHDL_1993          ;
; Use smart compilation                                                      ; Off                ; Off                ;
; Enable parallel Assembler and TimeQuest Timing Analyzer during compilation ; On                 ; On                 ;
; Enable compact report table                                                ; Off                ; Off                ;
; Restructure Multiplexers                                                   ; Auto               ; Auto               ;
; Create Debugging Nodes for IP Cores                                        ; Off                ; Off                ;
; Preserve fewer node names                                                  ; On                 ; On                 ;
; Disable OpenCore Plus hardware evaluation                                  ; Off                ; Off                ;
; Verilog Version                                                            ; Verilog_2001       ; Verilog_2001       ;
; State Machine Processing                                                   ; Auto               ; Auto               ;
; Safe State Machine                                                         ; Off                ; Off                ;
; Extract Verilog State Machines                                             ; On                 ; On                 ;
; Extract VHDL State Machines                                                ; On                 ; On                 ;
; Ignore Verilog initial constructs                                          ; Off                ; Off                ;
; Iteration limit for constant Verilog loops                                 ; 5000               ; 5000               ;
; Iteration limit for non-constant Verilog loops                             ; 250                ; 250                ;
; Add Pass-Through Logic to Inferred RAMs                                    ; On                 ; On                 ;
; Infer RAMs from Raw Logic                                                  ; On                 ; On                 ;
; Parallel Synthesis                                                         ; On                 ; On                 ;
; DSP Block Balancing                                                        ; Auto               ; Auto               ;
; NOT Gate Push-Back                                                         ; On                 ; On                 ;
; Power-Up Don't Care                                                        ; On                 ; On                 ;
; Remove Redundant Logic Cells                                               ; Off                ; Off                ;
; Remove Duplicate Registers                                                 ; On                 ; On                 ;
; Ignore CARRY Buffers                                                       ; Off                ; Off                ;
; Ignore CASCADE Buffers                                                     ; Off                ; Off                ;
; Ignore GLOBAL Buffers                                                      ; Off                ; Off                ;
; Ignore ROW GLOBAL Buffers                                                  ; Off                ; Off                ;
; Ignore LCELL Buffers                                                       ; Off                ; Off                ;
; Ignore SOFT Buffers                                                        ; On                 ; On                 ;
; Limit AHDL Integers to 32 Bits                                             ; Off                ; Off                ;
; Optimization Technique                                                     ; Balanced           ; Balanced           ;
; Carry Chain Length                                                         ; 70                 ; 70                 ;
; Auto Carry Chains                                                          ; On                 ; On                 ;
; Auto Open-Drain Pins                                                       ; On                 ; On                 ;
; Perform WYSIWYG Primitive Resynthesis                                      ; Off                ; Off                ;
; Auto ROM Replacement                                                       ; On                 ; On                 ;
; Auto RAM Replacement                                                       ; On                 ; On                 ;
; Auto DSP Block Replacement                                                 ; On                 ; On                 ;
; Auto Shift Register Replacement                                            ; Auto               ; Auto               ;
; Allow Shift Register Merging across Hierarchies                            ; Auto               ; Auto               ;
; Auto Clock Enable Replacement                                              ; On                 ; On                 ;
; Strict RAM Replacement                                                     ; Off                ; Off                ;
; Allow Synchronous Control Signals                                          ; On                 ; On                 ;
; Force Use of Synchronous Clear Signals                                     ; Off                ; Off                ;
; Auto RAM Block Balancing                                                   ; On                 ; On                 ;
; Auto RAM to Logic Cell Conversion                                          ; Off                ; Off                ;
; Auto Resource Sharing                                                      ; Off                ; Off                ;
; Allow Any RAM Size For Recognition                                         ; Off                ; Off                ;
; Allow Any ROM Size For Recognition                                         ; Off                ; Off                ;
; Allow Any Shift Register Size For Recognition                              ; Off                ; Off                ;
; Use LogicLock Constraints during Resource Balancing                        ; On                 ; On                 ;
; Ignore translate_off and synthesis_off directives                          ; Off                ; Off                ;
; Timing-Driven Synthesis                                                    ; On                 ; On                 ;
; Report Parameter Settings                                                  ; On                 ; On                 ;
; Report Source Assignments                                                  ; On                 ; On                 ;
; Report Connectivity Checks                                                 ; On                 ; On                 ;
; Ignore Maximum Fan-Out Assignments                                         ; Off                ; Off                ;
; Synchronization Register Chain Length                                      ; 2                  ; 2                  ;
; PowerPlay Power Optimization                                               ; Normal compilation ; Normal compilation ;
; HDL message level                                                          ; Level2             ; Level2             ;
; Suppress Register Optimization Related Messages                            ; Off                ; Off                ;
; Number of Removed Registers Reported in Synthesis Report                   ; 5000               ; 5000               ;
; Number of Swept Nodes Reported in Synthesis Report                         ; 5000               ; 5000               ;
; Number of Inverted Registers Reported in Synthesis Report                  ; 100                ; 100                ;
; Clock MUX Protection                                                       ; On                 ; On                 ;
; Auto Gated Clock Conversion                                                ; Off                ; Off                ;
; Block Design Naming                                                        ; Auto               ; Auto               ;
; SDC constraint protection                                                  ; Off                ; Off                ;
; Synthesis Effort                                                           ; Auto               ; Auto               ;
; Shift Register Replacement - Allow Asynchronous Clear Signal               ; On                 ; On                 ;
; Pre-Mapping Resynthesis Optimization                                       ; Off                ; Off                ;
; Analysis & Synthesis Message Level                                         ; Medium             ; Medium             ;
; Disable Register Merging Across Hierarchies                                ; Auto               ; Auto               ;
; Resource Aware Inference For Block RAM                                     ; On                 ; On                 ;
; Synthesis Seed                                                             ; 1                  ; 1                  ;
+----------------------------------------------------------------------------+--------------------+--------------------+


Parallel compilation was disabled, but you have multiple processors available. Enable parallel compilation to reduce compilation time.
+-------------------------------------+
; Parallel Compilation                ;
+----------------------------+--------+
; Processors                 ; Number ;
+----------------------------+--------+
; Number detected on machine ; 22     ;
; Maximum allowed            ; 1      ;
+----------------------------+--------+


+--------------------------------------------------------------------------------------------------------------------------------------------------------------------------------------------------------------------------------------------------------------------------------------------------------------------------------------+
; Analysis & Synthesis Source Files Read                                                                                                                                                                                                                                                                                               ;
+------------------------------------------------------+-----------------+-------------------------------------------------------+-------------------------------------------------------------------------------------------------------------------------------------------------------------------------------------------+---------+
; File Name with User-Entered Path                     ; Used in Netlist ; File Type                                             ; File Name with Absolute Path                                                                                                                                                              ; Library ;
+------------------------------------------------------+-----------------+-------------------------------------------------------+-------------------------------------------------------------------------------------------------------------------------------------------------------------------------------------------+---------+
; MIPS_Pipeline.vhd                                    ; yes             ; User VHDL File                                        ; C:/Users/ricks/OneDrive/Desktop/Unipampa/4-Semestre/PDII/VHDL-Datapath-micro_processador-MIPS-alike/Datapath _Pipeline/Circuito-MIPS/MIPS_Pipeline.vhd                                    ;         ;
; altsyncram.tdf                                       ; yes             ; Megafunction                                          ; c:/altera/13.0/quartus/libraries/megafunctions/altsyncram.tdf                                                                                                                             ;         ;
; stratix_ram_block.inc                                ; yes             ; Megafunction                                          ; c:/altera/13.0/quartus/libraries/megafunctions/stratix_ram_block.inc                                                                                                                      ;         ;
; lpm_mux.inc                                          ; yes             ; Megafunction                                          ; c:/altera/13.0/quartus/libraries/megafunctions/lpm_mux.inc                                                                                                                                ;         ;
; lpm_decode.inc                                       ; yes             ; Megafunction                                          ; c:/altera/13.0/quartus/libraries/megafunctions/lpm_decode.inc                                                                                                                             ;         ;
; aglobal130.inc                                       ; yes             ; Megafunction                                          ; c:/altera/13.0/quartus/libraries/megafunctions/aglobal130.inc                                                                                                                             ;         ;
; a_rdenreg.inc                                        ; yes             ; Megafunction                                          ; c:/altera/13.0/quartus/libraries/megafunctions/a_rdenreg.inc                                                                                                                              ;         ;
; altrom.inc                                           ; yes             ; Megafunction                                          ; c:/altera/13.0/quartus/libraries/megafunctions/altrom.inc                                                                                                                                 ;         ;
; altram.inc                                           ; yes             ; Megafunction                                          ; c:/altera/13.0/quartus/libraries/megafunctions/altram.inc                                                                                                                                 ;         ;
; altdpram.inc                                         ; yes             ; Megafunction                                          ; c:/altera/13.0/quartus/libraries/megafunctions/altdpram.inc                                                                                                                               ;         ;
; db/altsyncram_aom1.tdf                               ; yes             ; Auto-Generated Megafunction                           ; C:/Users/ricks/OneDrive/Desktop/Unipampa/4-Semestre/PDII/VHDL-Datapath-micro_processador-MIPS-alike/Datapath _Pipeline/Circuito-MIPS/db/altsyncram_aom1.tdf                               ;         ;
; db/MIPS_Pipeline.ram1_MIPS_Pipeline_ef1397e3.hdl.mif ; yes             ; Auto-Generated Auto-Found Memory Initialization File  ; C:/Users/ricks/OneDrive/Desktop/Unipampa/4-Semestre/PDII/VHDL-Datapath-micro_processador-MIPS-alike/Datapath _Pipeline/Circuito-MIPS/db/MIPS_Pipeline.ram1_MIPS_Pipeline_ef1397e3.hdl.mif ;         ;
; lpm_mult.tdf                                         ; yes             ; Megafunction                                          ; c:/altera/13.0/quartus/libraries/megafunctions/lpm_mult.tdf                                                                                                                               ;         ;
; lpm_add_sub.inc                                      ; yes             ; Megafunction                                          ; c:/altera/13.0/quartus/libraries/megafunctions/lpm_add_sub.inc                                                                                                                            ;         ;
; multcore.inc                                         ; yes             ; Megafunction                                          ; c:/altera/13.0/quartus/libraries/megafunctions/multcore.inc                                                                                                                               ;         ;
; bypassff.inc                                         ; yes             ; Megafunction                                          ; c:/altera/13.0/quartus/libraries/megafunctions/bypassff.inc                                                                                                                               ;         ;
; altshift.inc                                         ; yes             ; Megafunction                                          ; c:/altera/13.0/quartus/libraries/megafunctions/altshift.inc                                                                                                                               ;         ;
; db/mult_p8t.tdf                                      ; yes             ; Auto-Generated Megafunction                           ; C:/Users/ricks/OneDrive/Desktop/Unipampa/4-Semestre/PDII/VHDL-Datapath-micro_processador-MIPS-alike/Datapath _Pipeline/Circuito-MIPS/db/mult_p8t.tdf                                      ;         ;
; db/mult_19t.tdf                                      ; yes             ; Auto-Generated Megafunction                           ; C:/Users/ricks/OneDrive/Desktop/Unipampa/4-Semestre/PDII/VHDL-Datapath-micro_processador-MIPS-alike/Datapath _Pipeline/Circuito-MIPS/db/mult_19t.tdf                                      ;         ;
+------------------------------------------------------+-----------------+-------------------------------------------------------+-------------------------------------------------------------------------------------------------------------------------------------------------------------------------------------------+---------+


+-----------------------------------------------------------+
; Analysis & Synthesis Resource Usage Summary               ;
+---------------------------------------------+-------------+
; Resource                                    ; Usage       ;
+---------------------------------------------+-------------+
; Estimated Total logic elements              ; 611         ;
;                                             ;             ;
; Total combinational functions               ; 429         ;
; Logic element usage by number of LUT inputs ;             ;
;     -- 4 input functions                    ; 291         ;
;     -- 3 input functions                    ; 67          ;
;     -- <=2 input functions                  ; 71          ;
;                                             ;             ;
; Logic elements by mode                      ;             ;
;     -- normal mode                          ; 395         ;
;     -- arithmetic mode                      ; 34          ;
;                                             ;             ;
; Total registers                             ; 270         ;
;     -- Dedicated logic registers            ; 270         ;
;     -- I/O registers                        ; 0           ;
;                                             ;             ;
; I/O pins                                    ; 18          ;
; Total memory bits                           ; 2048        ;
; Embedded Multiplier 9-bit elements          ; 1           ;
; Maximum fan-out node                        ; clock~input ;
; Maximum fan-out                             ; 278         ;
; Total fan-out                               ; 2660        ;
; Average fan-out                             ; 3.57        ;
+---------------------------------------------+-------------+


+------------------------------------------------------------------------------------------------------------------------------------------------------------------------------------------------------------------------------------------+
; Analysis & Synthesis Resource Utilization by Entity                                                                                                                                                                                      ;
+----------------------------------------+-------------------+--------------+-------------+--------------+---------+-----------+------+--------------+----------------------------------------------------------------------+--------------+
; Compilation Hierarchy Node             ; LC Combinationals ; LC Registers ; Memory Bits ; DSP Elements ; DSP 9x9 ; DSP 18x18 ; Pins ; Virtual Pins ; Full Hierarchy Name                                                  ; Library Name ;
+----------------------------------------+-------------------+--------------+-------------+--------------+---------+-----------+------+--------------+----------------------------------------------------------------------+--------------+
; |MIPS_Pipeline                         ; 429 (395)         ; 270 (270)    ; 2048        ; 1            ; 1       ; 0         ; 18   ; 0            ; |MIPS_Pipeline                                                       ;              ;
;    |altsyncram:mem_d_rtl_0|            ; 0 (0)             ; 0 (0)        ; 2048        ; 0            ; 0       ; 0         ; 0    ; 0            ; |MIPS_Pipeline|altsyncram:mem_d_rtl_0                                ;              ;
;       |altsyncram_aom1:auto_generated| ; 0 (0)             ; 0 (0)        ; 2048        ; 0            ; 0       ; 0         ; 0    ; 0            ; |MIPS_Pipeline|altsyncram:mem_d_rtl_0|altsyncram_aom1:auto_generated ;              ;
;    |lpm_mult:Mult0|                    ; 34 (0)            ; 0 (0)        ; 0           ; 0            ; 0       ; 0         ; 0    ; 0            ; |MIPS_Pipeline|lpm_mult:Mult0                                        ;              ;
;       |mult_p8t:auto_generated|        ; 34 (34)           ; 0 (0)        ; 0           ; 0            ; 0       ; 0         ; 0    ; 0            ; |MIPS_Pipeline|lpm_mult:Mult0|mult_p8t:auto_generated                ;              ;
;    |lpm_mult:Mult1|                    ; 0 (0)             ; 0 (0)        ; 0           ; 1            ; 1       ; 0         ; 0    ; 0            ; |MIPS_Pipeline|lpm_mult:Mult1                                        ;              ;
;       |mult_19t:auto_generated|        ; 0 (0)             ; 0 (0)        ; 0           ; 1            ; 1       ; 0         ; 0    ; 0            ; |MIPS_Pipeline|lpm_mult:Mult1|mult_19t:auto_generated                ;              ;
+----------------------------------------+-------------------+--------------+-------------+--------------+---------+-----------+------+--------------+----------------------------------------------------------------------+--------------+
Note: For table entries with two numbers listed, the numbers in parentheses indicate the number of resources of the given type used by the specific entity alone. The numbers listed outside of parentheses indicate the total resources of the given type used by the specific entity and all of its sub-entities in the hierarchy.


+----------------------------------------------------------------------------------------------------------------------------------------------------------------------------------------------------------------------+
; Analysis & Synthesis RAM Summary                                                                                                                                                                                     ;
+------------------------------------------------------------------+------+------------------+--------------+--------------+--------------+--------------+------+------------------------------------------------------+
; Name                                                             ; Type ; Mode             ; Port A Depth ; Port A Width ; Port B Depth ; Port B Width ; Size ; MIF                                                  ;
+------------------------------------------------------------------+------+------------------+--------------+--------------+--------------+--------------+------+------------------------------------------------------+
; altsyncram:mem_d_rtl_0|altsyncram_aom1:auto_generated|ALTSYNCRAM ; AUTO ; Simple Dual Port ; 256          ; 8            ; 256          ; 8            ; 2048 ; db/MIPS_Pipeline.ram1_MIPS_Pipeline_ef1397e3.hdl.mif ;
+------------------------------------------------------------------+------+------------------+--------------+--------------+--------------+--------------+------+------------------------------------------------------+


+-----------------------------------------------------+
; Analysis & Synthesis DSP Block Usage Summary        ;
+---------------------------------------+-------------+
; Statistic                             ; Number Used ;
+---------------------------------------+-------------+
; Simple Multipliers (9-bit)            ; 1           ;
; Simple Multipliers (18-bit)           ; 0           ;
; Embedded Multiplier Blocks            ; --          ;
; Embedded Multiplier 9-bit elements    ; 1           ;
; Signed Embedded Multipliers           ; 0           ;
; Unsigned Embedded Multipliers         ; 1           ;
; Mixed Sign Embedded Multipliers       ; 0           ;
; Variable Sign Embedded Multipliers    ; 0           ;
; Dedicated Input Shift Register Chains ; 0           ;
+---------------------------------------+-------------+
Note: number of Embedded Multiplier Blocks used is only available after a successful fit.


+-------------------------------------------------------------------+
; Registers Removed During Synthesis                                ;
+----------------------------------------+--------------------------+
; Register name                          ; Reason for Removal       ;
+----------------------------------------+--------------------------+
; InIF_ID[7,11]                          ; Merged with InIF_ID[6]   ;
; InIF_ID[15]                            ; Merged with InIF_ID[5]   ;
; InID_EX[7,11]                          ; Merged with InID_EX[6]   ;
; InID_EX[15]                            ; Merged with InID_EX[5]   ;
; InEX_MEM[15]                           ; Merged with InEX_MEM[5]  ;
; InEX_MEM[7,11]                         ; Merged with InEX_MEM[6]  ;
; InMEM_WB[6,7]                          ; Merged with InMEM_WB[11] ;
; InMEM_WB[5]                            ; Merged with InMEM_WB[15] ;
; Total Number of Removed Registers = 12 ;                          ;
+----------------------------------------+--------------------------+


+------------------------------------------------------+
; General Register Statistics                          ;
+----------------------------------------------+-------+
; Statistic                                    ; Value ;
+----------------------------------------------+-------+
; Total registers                              ; 270   ;
; Number of registers using Synchronous Clear  ; 0     ;
; Number of registers using Synchronous Load   ; 16    ;
; Number of registers using Asynchronous Clear ; 237   ;
; Number of registers using Asynchronous Load  ; 0     ;
; Number of registers using Clock Enable       ; 168   ;
; Number of registers using Preset             ; 0     ;
+----------------------------------------------+-------+


+--------------------------------------------------+
; Inverted Register Statistics                     ;
+----------------------------------------+---------+
; Inverted Register                      ; Fan out ;
+----------------------------------------+---------+
; mem_d_rtl_0_bypass[18]                 ; 1       ;
; mem_d_rtl_0_bypass[20]                 ; 1       ;
; mem_d_rtl_0_bypass[22]                 ; 1       ;
; mem_d_rtl_0_bypass[24]                 ; 1       ;
; mem_d_rtl_0_bypass[26]                 ; 1       ;
; mem_d_rtl_0_bypass[28]                 ; 1       ;
; mem_d_rtl_0_bypass[30]                 ; 1       ;
; mem_d_rtl_0_bypass[32]                 ; 1       ;
; Total number of inverted registers = 8 ;         ;
+----------------------------------------+---------+


+--------------------------------------------+
; Registers Added for RAM Pass-Through Logic ;
+------------------------+-------------------+
; Register Name          ; RAM Name          ;
+------------------------+-------------------+
; mem_d_rtl_0_bypass[0]  ; mem_d_rtl_0       ;
; mem_d_rtl_0_bypass[1]  ; mem_d_rtl_0       ;
; mem_d_rtl_0_bypass[2]  ; mem_d_rtl_0       ;
; mem_d_rtl_0_bypass[3]  ; mem_d_rtl_0       ;
; mem_d_rtl_0_bypass[4]  ; mem_d_rtl_0       ;
; mem_d_rtl_0_bypass[5]  ; mem_d_rtl_0       ;
; mem_d_rtl_0_bypass[6]  ; mem_d_rtl_0       ;
; mem_d_rtl_0_bypass[7]  ; mem_d_rtl_0       ;
; mem_d_rtl_0_bypass[8]  ; mem_d_rtl_0       ;
; mem_d_rtl_0_bypass[9]  ; mem_d_rtl_0       ;
; mem_d_rtl_0_bypass[10] ; mem_d_rtl_0       ;
; mem_d_rtl_0_bypass[11] ; mem_d_rtl_0       ;
; mem_d_rtl_0_bypass[12] ; mem_d_rtl_0       ;
; mem_d_rtl_0_bypass[13] ; mem_d_rtl_0       ;
; mem_d_rtl_0_bypass[14] ; mem_d_rtl_0       ;
; mem_d_rtl_0_bypass[15] ; mem_d_rtl_0       ;
; mem_d_rtl_0_bypass[16] ; mem_d_rtl_0       ;
; mem_d_rtl_0_bypass[17] ; mem_d_rtl_0       ;
; mem_d_rtl_0_bypass[18] ; mem_d_rtl_0       ;
; mem_d_rtl_0_bypass[19] ; mem_d_rtl_0       ;
; mem_d_rtl_0_bypass[20] ; mem_d_rtl_0       ;
; mem_d_rtl_0_bypass[21] ; mem_d_rtl_0       ;
; mem_d_rtl_0_bypass[22] ; mem_d_rtl_0       ;
; mem_d_rtl_0_bypass[23] ; mem_d_rtl_0       ;
; mem_d_rtl_0_bypass[24] ; mem_d_rtl_0       ;
; mem_d_rtl_0_bypass[25] ; mem_d_rtl_0       ;
; mem_d_rtl_0_bypass[26] ; mem_d_rtl_0       ;
; mem_d_rtl_0_bypass[27] ; mem_d_rtl_0       ;
; mem_d_rtl_0_bypass[28] ; mem_d_rtl_0       ;
; mem_d_rtl_0_bypass[29] ; mem_d_rtl_0       ;
; mem_d_rtl_0_bypass[30] ; mem_d_rtl_0       ;
; mem_d_rtl_0_bypass[31] ; mem_d_rtl_0       ;
; mem_d_rtl_0_bypass[32] ; mem_d_rtl_0       ;
+------------------------+-------------------+


+-------------------------------------------------------------------------------------------------------------------------------------------+
; Multiplexer Restructuring Statistics (Restructuring Performed)                                                                            ;
+--------------------+-----------+---------------+----------------------+------------------------+------------+-----------------------------+
; Multiplexer Inputs ; Bus Width ; Baseline Area ; Area if Restructured ; Saving if Restructured ; Registered ; Example Multiplexer Output  ;
+--------------------+-----------+---------------+----------------------+------------------------+------------+-----------------------------+
; 4:1                ; 8 bits    ; 16 LEs        ; 16 LEs               ; 0 LEs                  ; Yes        ; |MIPS_Pipeline|PC[4]        ;
; 16:1               ; 8 bits    ; 80 LEs        ; 16 LEs               ; 64 LEs                 ; Yes        ; |MIPS_Pipeline|ulaEX_MEM[5] ;
; 16:1               ; 8 bits    ; 80 LEs        ; 80 LEs               ; 0 LEs                  ; Yes        ; |MIPS_Pipeline|RwID_EX[2]   ;
; 18:1               ; 8 bits    ; 96 LEs        ; 88 LEs               ; 8 LEs                  ; Yes        ; |MIPS_Pipeline|R0ID_EX[0]   ;
; 19:1               ; 8 bits    ; 96 LEs        ; 88 LEs               ; 8 LEs                  ; Yes        ; |MIPS_Pipeline|R1ID_EX[2]   ;
; 4:1                ; 8 bits    ; 16 LEs        ; 0 LEs                ; 16 LEs                 ; No         ; |MIPS_Pipeline|Add2         ;
; 4:1                ; 4 bits    ; 8 LEs         ; 8 LEs                ; 0 LEs                  ; No         ; |MIPS_Pipeline|Add2         ;
; 4:1                ; 4 bits    ; 8 LEs         ; 8 LEs                ; 0 LEs                  ; No         ; |MIPS_Pipeline|Add2         ;
+--------------------+-----------+---------------+----------------------+------------------------+------------+-----------------------------+


+------------------------------------------------------------------------------+
; Source assignments for altsyncram:mem_d_rtl_0|altsyncram_aom1:auto_generated ;
+---------------------------------+--------------------+------+----------------+
; Assignment                      ; Value              ; From ; To             ;
+---------------------------------+--------------------+------+----------------+
; OPTIMIZE_POWER_DURING_SYNTHESIS ; NORMAL_COMPILATION ; -    ; -              ;
+---------------------------------+--------------------+------+----------------+


+------------------------------------------------------------------------------------------------------------+
; Parameter Settings for Inferred Entity Instance: altsyncram:mem_d_rtl_0                                    ;
+------------------------------------+------------------------------------------------------+----------------+
; Parameter Name                     ; Value                                                ; Type           ;
+------------------------------------+------------------------------------------------------+----------------+
; BYTE_SIZE_BLOCK                    ; 8                                                    ; Untyped        ;
; AUTO_CARRY_CHAINS                  ; ON                                                   ; AUTO_CARRY     ;
; IGNORE_CARRY_BUFFERS               ; OFF                                                  ; IGNORE_CARRY   ;
; AUTO_CASCADE_CHAINS                ; ON                                                   ; AUTO_CASCADE   ;
; IGNORE_CASCADE_BUFFERS             ; OFF                                                  ; IGNORE_CASCADE ;
; WIDTH_BYTEENA                      ; 1                                                    ; Untyped        ;
; OPERATION_MODE                     ; DUAL_PORT                                            ; Untyped        ;
; WIDTH_A                            ; 8                                                    ; Untyped        ;
; WIDTHAD_A                          ; 8                                                    ; Untyped        ;
; NUMWORDS_A                         ; 256                                                  ; Untyped        ;
; OUTDATA_REG_A                      ; UNREGISTERED                                         ; Untyped        ;
; ADDRESS_ACLR_A                     ; NONE                                                 ; Untyped        ;
; OUTDATA_ACLR_A                     ; NONE                                                 ; Untyped        ;
; WRCONTROL_ACLR_A                   ; NONE                                                 ; Untyped        ;
; INDATA_ACLR_A                      ; NONE                                                 ; Untyped        ;
; BYTEENA_ACLR_A                     ; NONE                                                 ; Untyped        ;
; WIDTH_B                            ; 8                                                    ; Untyped        ;
; WIDTHAD_B                          ; 8                                                    ; Untyped        ;
; NUMWORDS_B                         ; 256                                                  ; Untyped        ;
; INDATA_REG_B                       ; CLOCK1                                               ; Untyped        ;
; WRCONTROL_WRADDRESS_REG_B          ; CLOCK1                                               ; Untyped        ;
; RDCONTROL_REG_B                    ; CLOCK1                                               ; Untyped        ;
; ADDRESS_REG_B                      ; CLOCK0                                               ; Untyped        ;
; OUTDATA_REG_B                      ; UNREGISTERED                                         ; Untyped        ;
; BYTEENA_REG_B                      ; CLOCK1                                               ; Untyped        ;
; INDATA_ACLR_B                      ; NONE                                                 ; Untyped        ;
; WRCONTROL_ACLR_B                   ; NONE                                                 ; Untyped        ;
; ADDRESS_ACLR_B                     ; NONE                                                 ; Untyped        ;
; OUTDATA_ACLR_B                     ; NONE                                                 ; Untyped        ;
; RDCONTROL_ACLR_B                   ; NONE                                                 ; Untyped        ;
; BYTEENA_ACLR_B                     ; NONE                                                 ; Untyped        ;
; WIDTH_BYTEENA_A                    ; 1                                                    ; Untyped        ;
; WIDTH_BYTEENA_B                    ; 1                                                    ; Untyped        ;
; RAM_BLOCK_TYPE                     ; AUTO                                                 ; Untyped        ;
; BYTE_SIZE                          ; 8                                                    ; Untyped        ;
; READ_DURING_WRITE_MODE_MIXED_PORTS ; OLD_DATA                                             ; Untyped        ;
; READ_DURING_WRITE_MODE_PORT_A      ; NEW_DATA_NO_NBE_READ                                 ; Untyped        ;
; READ_DURING_WRITE_MODE_PORT_B      ; NEW_DATA_NO_NBE_READ                                 ; Untyped        ;
; INIT_FILE                          ; db/MIPS_Pipeline.ram1_MIPS_Pipeline_ef1397e3.hdl.mif ; Untyped        ;
; INIT_FILE_LAYOUT                   ; PORT_A                                               ; Untyped        ;
; MAXIMUM_DEPTH                      ; 0                                                    ; Untyped        ;
; CLOCK_ENABLE_INPUT_A               ; NORMAL                                               ; Untyped        ;
; CLOCK_ENABLE_INPUT_B               ; NORMAL                                               ; Untyped        ;
; CLOCK_ENABLE_OUTPUT_A              ; NORMAL                                               ; Untyped        ;
; CLOCK_ENABLE_OUTPUT_B              ; NORMAL                                               ; Untyped        ;
; CLOCK_ENABLE_CORE_A                ; USE_INPUT_CLKEN                                      ; Untyped        ;
; CLOCK_ENABLE_CORE_B                ; USE_INPUT_CLKEN                                      ; Untyped        ;
; ENABLE_ECC                         ; FALSE                                                ; Untyped        ;
; ECC_PIPELINE_STAGE_ENABLED         ; FALSE                                                ; Untyped        ;
; WIDTH_ECCSTATUS                    ; 3                                                    ; Untyped        ;
; DEVICE_FAMILY                      ; Cyclone III                                          ; Untyped        ;
; CBXI_PARAMETER                     ; altsyncram_aom1                                      ; Untyped        ;
+------------------------------------+------------------------------------------------------+----------------+
Note: In order to hide this table in the UI and the text report file, please set the "Show Parameter Settings in Synthesis Report" option in "Analysis and Synthesis Settings -> More Settings" to "Off".


+------------------------------------------------------------------------------------+
; Parameter Settings for Inferred Entity Instance: lpm_mult:Mult0                    ;
+------------------------------------------------+-------------+---------------------+
; Parameter Name                                 ; Value       ; Type                ;
+------------------------------------------------+-------------+---------------------+
; AUTO_CARRY_CHAINS                              ; ON          ; AUTO_CARRY          ;
; IGNORE_CARRY_BUFFERS                           ; OFF         ; IGNORE_CARRY        ;
; AUTO_CASCADE_CHAINS                            ; ON          ; AUTO_CASCADE        ;
; IGNORE_CASCADE_BUFFERS                         ; OFF         ; IGNORE_CASCADE      ;
; LPM_WIDTHA                                     ; 8           ; Untyped             ;
; LPM_WIDTHB                                     ; 4           ; Untyped             ;
; LPM_WIDTHP                                     ; 12          ; Untyped             ;
; LPM_WIDTHR                                     ; 12          ; Untyped             ;
; LPM_WIDTHS                                     ; 1           ; Untyped             ;
; LPM_REPRESENTATION                             ; UNSIGNED    ; Untyped             ;
; LPM_PIPELINE                                   ; 0           ; Untyped             ;
; LATENCY                                        ; 0           ; Untyped             ;
; INPUT_A_IS_CONSTANT                            ; NO          ; Untyped             ;
; INPUT_B_IS_CONSTANT                            ; NO          ; Untyped             ;
; USE_EAB                                        ; OFF         ; Untyped             ;
; MAXIMIZE_SPEED                                 ; 5           ; Untyped             ;
; DEVICE_FAMILY                                  ; Cyclone III ; Untyped             ;
; CARRY_CHAIN                                    ; MANUAL      ; Untyped             ;
; APEX20K_TECHNOLOGY_MAPPER                      ; LUT         ; TECH_MAPPER_APEX20K ;
; DEDICATED_MULTIPLIER_CIRCUITRY                 ; AUTO        ; Untyped             ;
; DEDICATED_MULTIPLIER_MIN_INPUT_WIDTH_FOR_AUTO  ; 0           ; Untyped             ;
; DEDICATED_MULTIPLIER_MIN_OUTPUT_WIDTH_FOR_AUTO ; 0           ; Untyped             ;
; CBXI_PARAMETER                                 ; mult_p8t    ; Untyped             ;
; INPUT_A_FIXED_VALUE                            ; Bx          ; Untyped             ;
; INPUT_B_FIXED_VALUE                            ; Bx          ; Untyped             ;
; USE_AHDL_IMPLEMENTATION                        ; OFF         ; Untyped             ;
+------------------------------------------------+-------------+---------------------+
Note: In order to hide this table in the UI and the text report file, please set the "Show Parameter Settings in Synthesis Report" option in "Analysis and Synthesis Settings -> More Settings" to "Off".


+------------------------------------------------------------------------------------+
; Parameter Settings for Inferred Entity Instance: lpm_mult:Mult1                    ;
+------------------------------------------------+-------------+---------------------+
; Parameter Name                                 ; Value       ; Type                ;
+------------------------------------------------+-------------+---------------------+
; AUTO_CARRY_CHAINS                              ; ON          ; AUTO_CARRY          ;
; IGNORE_CARRY_BUFFERS                           ; OFF         ; IGNORE_CARRY        ;
; AUTO_CASCADE_CHAINS                            ; ON          ; AUTO_CASCADE        ;
; IGNORE_CASCADE_BUFFERS                         ; OFF         ; IGNORE_CASCADE      ;
; LPM_WIDTHA                                     ; 8           ; Untyped             ;
; LPM_WIDTHB                                     ; 8           ; Untyped             ;
; LPM_WIDTHP                                     ; 16          ; Untyped             ;
; LPM_WIDTHR                                     ; 16          ; Untyped             ;
; LPM_WIDTHS                                     ; 1           ; Untyped             ;
; LPM_REPRESENTATION                             ; UNSIGNED    ; Untyped             ;
; LPM_PIPELINE                                   ; 0           ; Untyped             ;
; LATENCY                                        ; 0           ; Untyped             ;
; INPUT_A_IS_CONSTANT                            ; NO          ; Untyped             ;
; INPUT_B_IS_CONSTANT                            ; NO          ; Untyped             ;
; USE_EAB                                        ; OFF         ; Untyped             ;
; MAXIMIZE_SPEED                                 ; 5           ; Untyped             ;
; DEVICE_FAMILY                                  ; Cyclone III ; Untyped             ;
; CARRY_CHAIN                                    ; MANUAL      ; Untyped             ;
; APEX20K_TECHNOLOGY_MAPPER                      ; LUT         ; TECH_MAPPER_APEX20K ;
; DEDICATED_MULTIPLIER_CIRCUITRY                 ; AUTO        ; Untyped             ;
; DEDICATED_MULTIPLIER_MIN_INPUT_WIDTH_FOR_AUTO  ; 0           ; Untyped             ;
; DEDICATED_MULTIPLIER_MIN_OUTPUT_WIDTH_FOR_AUTO ; 0           ; Untyped             ;
; CBXI_PARAMETER                                 ; mult_19t    ; Untyped             ;
; INPUT_A_FIXED_VALUE                            ; Bx          ; Untyped             ;
; INPUT_B_FIXED_VALUE                            ; Bx          ; Untyped             ;
; USE_AHDL_IMPLEMENTATION                        ; OFF         ; Untyped             ;
+------------------------------------------------+-------------+---------------------+
Note: In order to hide this table in the UI and the text report file, please set the "Show Parameter Settings in Synthesis Report" option in "Analysis and Synthesis Settings -> More Settings" to "Off".


+--------------------------------------------------------------------+
; altsyncram Parameter Settings by Entity Instance                   ;
+-------------------------------------------+------------------------+
; Name                                      ; Value                  ;
+-------------------------------------------+------------------------+
; Number of entity instances                ; 1                      ;
; Entity Instance                           ; altsyncram:mem_d_rtl_0 ;
;     -- OPERATION_MODE                     ; DUAL_PORT              ;
;     -- WIDTH_A                            ; 8                      ;
;     -- NUMWORDS_A                         ; 256                    ;
;     -- OUTDATA_REG_A                      ; UNREGISTERED           ;
;     -- WIDTH_B                            ; 8                      ;
;     -- NUMWORDS_B                         ; 256                    ;
;     -- ADDRESS_REG_B                      ; CLOCK0                 ;
;     -- OUTDATA_REG_B                      ; UNREGISTERED           ;
;     -- RAM_BLOCK_TYPE                     ; AUTO                   ;
;     -- READ_DURING_WRITE_MODE_MIXED_PORTS ; OLD_DATA               ;
+-------------------------------------------+------------------------+


+--------------------------------------------------------+
; lpm_mult Parameter Settings by Entity Instance         ;
+---------------------------------------+----------------+
; Name                                  ; Value          ;
+---------------------------------------+----------------+
; Number of entity instances            ; 2              ;
; Entity Instance                       ; lpm_mult:Mult0 ;
;     -- LPM_WIDTHA                     ; 8              ;
;     -- LPM_WIDTHB                     ; 4              ;
;     -- LPM_WIDTHP                     ; 12             ;
;     -- LPM_REPRESENTATION             ; UNSIGNED       ;
;     -- INPUT_A_IS_CONSTANT            ; NO             ;
;     -- INPUT_B_IS_CONSTANT            ; NO             ;
;     -- USE_EAB                        ; OFF            ;
;     -- DEDICATED_MULTIPLIER_CIRCUITRY ; AUTO           ;
;     -- INPUT_A_FIXED_VALUE            ; Bx             ;
;     -- INPUT_B_FIXED_VALUE            ; Bx             ;
; Entity Instance                       ; lpm_mult:Mult1 ;
;     -- LPM_WIDTHA                     ; 8              ;
;     -- LPM_WIDTHB                     ; 8              ;
;     -- LPM_WIDTHP                     ; 16             ;
;     -- LPM_REPRESENTATION             ; UNSIGNED       ;
;     -- INPUT_A_IS_CONSTANT            ; NO             ;
;     -- INPUT_B_IS_CONSTANT            ; NO             ;
;     -- USE_EAB                        ; OFF            ;
;     -- DEDICATED_MULTIPLIER_CIRCUITRY ; AUTO           ;
;     -- INPUT_A_FIXED_VALUE            ; Bx             ;
;     -- INPUT_B_FIXED_VALUE            ; Bx             ;
+---------------------------------------+----------------+


+-------------------------------+
; Elapsed Time Per Partition    ;
+----------------+--------------+
; Partition Name ; Elapsed Time ;
+----------------+--------------+
; Top            ; 00:00:02     ;
+----------------+--------------+


+-------------------------------+
; Analysis & Synthesis Messages ;
+-------------------------------+
Info: *******************************************************************
Info: Running Quartus II 64-Bit Analysis & Synthesis
    Info: Version 13.0.0 Build 156 04/24/2013 SJ Web Edition
    Info: Processing started: Wed Dec 04 21:30:32 2024
Info: Command: quartus_map --read_settings_files=on --write_settings_files=off MIPS_Pipeline -c MIPS_Pipeline
Warning (20028): Parallel compilation is not licensed and has been disabled
Info (12021): Found 2 design units, including 1 entities, in source file mips_pipeline.vhd
    Info (12022): Found design unit 1: MIPS_Pipeline-behavior
    Info (12023): Found entity 1: MIPS_Pipeline
Info (12127): Elaborating entity "MIPS_Pipeline" for the top level hierarchy
Warning (10036): Verilog HDL or VHDL warning at MIPS_Pipeline.vhd(60): object "RwMEM_WB" assigned a value but never read
Warning (10036): Verilog HDL or VHDL warning at MIPS_Pipeline.vhd(61): object "PCMEM_WB" assigned a value but never read
Warning (276020): Inferred RAM node "mem_d_rtl_0" from synchronous design logic.  Pass-through logic has been added to match the read-during-write behavior of the original design.
Info (19000): Inferred 1 megafunctions from design logic
    Info (276029): Inferred altsyncram megafunction from the following design logic: "mem_d_rtl_0" 
        Info (286033): Parameter OPERATION_MODE set to DUAL_PORT
        Info (286033): Parameter WIDTH_A set to 8
        Info (286033): Parameter WIDTHAD_A set to 8
        Info (286033): Parameter NUMWORDS_A set to 256
        Info (286033): Parameter WIDTH_B set to 8
        Info (286033): Parameter WIDTHAD_B set to 8
        Info (286033): Parameter NUMWORDS_B set to 256
        Info (286033): Parameter ADDRESS_ACLR_A set to NONE
        Info (286033): Parameter OUTDATA_REG_B set to UNREGISTERED
        Info (286033): Parameter ADDRESS_ACLR_B set to NONE
        Info (286033): Parameter OUTDATA_ACLR_B set to NONE
        Info (286033): Parameter ADDRESS_REG_B set to CLOCK0
        Info (286033): Parameter INDATA_ACLR_A set to NONE
        Info (286033): Parameter WRCONTROL_ACLR_A set to NONE
        Info (286033): Parameter INIT_FILE set to db/MIPS_Pipeline.ram1_MIPS_Pipeline_ef1397e3.hdl.mif
        Info (286033): Parameter READ_DURING_WRITE_MODE_MIXED_PORTS set to OLD_DATA
Info (278001): Inferred 2 megafunctions from design logic
    Info (278003): Inferred multiplier megafunction ("lpm_mult") from the following logic: "Mult0"
    Info (278003): Inferred multiplier megafunction ("lpm_mult") from the following logic: "Mult1"
Info (12130): Elaborated megafunction instantiation "altsyncram:mem_d_rtl_0"
Info (12133): Instantiated megafunction "altsyncram:mem_d_rtl_0" with the following parameter:
    Info (12134): Parameter "OPERATION_MODE" = "DUAL_PORT"
    Info (12134): Parameter "WIDTH_A" = "8"
    Info (12134): Parameter "WIDTHAD_A" = "8"
    Info (12134): Parameter "NUMWORDS_A" = "256"
    Info (12134): Parameter "WIDTH_B" = "8"
    Info (12134): Parameter "WIDTHAD_B" = "8"
    Info (12134): Parameter "NUMWORDS_B" = "256"
    Info (12134): Parameter "ADDRESS_ACLR_A" = "NONE"
    Info (12134): Parameter "OUTDATA_REG_B" = "UNREGISTERED"
    Info (12134): Parameter "ADDRESS_ACLR_B" = "NONE"
    Info (12134): Parameter "OUTDATA_ACLR_B" = "NONE"
    Info (12134): Parameter "ADDRESS_REG_B" = "CLOCK0"
    Info (12134): Parameter "INDATA_ACLR_A" = "NONE"
    Info (12134): Parameter "WRCONTROL_ACLR_A" = "NONE"
    Info (12134): Parameter "INIT_FILE" = "db/MIPS_Pipeline.ram1_MIPS_Pipeline_ef1397e3.hdl.mif"
    Info (12134): Parameter "READ_DURING_WRITE_MODE_MIXED_PORTS" = "OLD_DATA"
Info (12021): Found 1 design units, including 1 entities, in source file db/altsyncram_aom1.tdf
    Info (12023): Found entity 1: altsyncram_aom1
Info (12130): Elaborated megafunction instantiation "lpm_mult:Mult0"
Info (12133): Instantiated megafunction "lpm_mult:Mult0" with the following parameter:
    Info (12134): Parameter "LPM_WIDTHA" = "8"
    Info (12134): Parameter "LPM_WIDTHB" = "4"
    Info (12134): Parameter "LPM_WIDTHP" = "12"
    Info (12134): Parameter "LPM_WIDTHR" = "12"
    Info (12134): Parameter "LPM_WIDTHS" = "1"
    Info (12134): Parameter "LPM_REPRESENTATION" = "UNSIGNED"
    Info (12134): Parameter "INPUT_A_IS_CONSTANT" = "NO"
    Info (12134): Parameter "INPUT_B_IS_CONSTANT" = "NO"
    Info (12134): Parameter "MAXIMIZE_SPEED" = "5"
Info (12021): Found 1 design units, including 1 entities, in source file db/mult_p8t.tdf
    Info (12023): Found entity 1: mult_p8t
Info (12130): Elaborated megafunction instantiation "lpm_mult:Mult1"
Info (12133): Instantiated megafunction "lpm_mult:Mult1" with the following parameter:
    Info (12134): Parameter "LPM_WIDTHA" = "8"
    Info (12134): Parameter "LPM_WIDTHB" = "8"
    Info (12134): Parameter "LPM_WIDTHP" = "16"
    Info (12134): Parameter "LPM_WIDTHR" = "16"
    Info (12134): Parameter "LPM_WIDTHS" = "1"
    Info (12134): Parameter "LPM_REPRESENTATION" = "UNSIGNED"
    Info (12134): Parameter "INPUT_A_IS_CONSTANT" = "NO"
    Info (12134): Parameter "INPUT_B_IS_CONSTANT" = "NO"
    Info (12134): Parameter "MAXIMIZE_SPEED" = "5"
Info (12021): Found 1 design units, including 1 entities, in source file db/mult_19t.tdf
    Info (12023): Found entity 1: mult_19t
Warning (14284): Synthesized away the following node(s):
    Warning (14285): Synthesized away the following LCELL buffer node(s):
        Warning (14320): Synthesized away node "lpm_mult:Mult0|mult_p8t:auto_generated|le3a[9]"
        Warning (14320): Synthesized away node "lpm_mult:Mult0|mult_p8t:auto_generated|le5a[8]"
        Warning (14320): Synthesized away node "lpm_mult:Mult0|mult_p8t:auto_generated|le5a[4]"
Warning (14284): Synthesized away the following node(s):
    Warning (14285): Synthesized away the following LCELL buffer node(s):
        Warning (14320): Synthesized away node "lpm_mult:Mult0|mult_p8t:auto_generated|le3a[8]"
        Warning (14320): Synthesized away node "lpm_mult:Mult0|mult_p8t:auto_generated|le4a[9]"
        Warning (14320): Synthesized away node "lpm_mult:Mult0|mult_p8t:auto_generated|le4a[8]"
        Warning (14320): Synthesized away node "lpm_mult:Mult0|mult_p8t:auto_generated|le4a[7]"
        Warning (14320): Synthesized away node "lpm_mult:Mult0|mult_p8t:auto_generated|le4a[6]"
        Warning (14320): Synthesized away node "lpm_mult:Mult0|mult_p8t:auto_generated|le5a[7]"
        Warning (14320): Synthesized away node "lpm_mult:Mult0|mult_p8t:auto_generated|le5a[6]"
        Warning (14320): Synthesized away node "lpm_mult:Mult0|mult_p8t:auto_generated|le5a[5]"
Info (13014): Ignored 44 buffer(s)
    Info (13016): Ignored 4 CARRY_SUM buffer(s)
    Info (13019): Ignored 40 SOFT buffer(s)
Info (286030): Timing-Driven Synthesis is running
Info (16010): Generating hard_block partition "hard_block:auto_generated_inst"
    Info (16011): Adding 0 node(s), including 0 DDIO, 0 PLL, 0 transceiver and 0 LCELL
Info (21057): Implemented 647 device resources after synthesis - the final resource count might be different
    Info (21058): Implemented 2 input pins
    Info (21059): Implemented 16 output pins
    Info (21061): Implemented 620 logic cells
    Info (21064): Implemented 8 RAM segments
    Info (21062): Implemented 1 DSP elements
Info: Quartus II 64-Bit Analysis & Synthesis was successful. 0 errors, 19 warnings
    Info: Peak virtual memory: 4656 megabytes
    Info: Processing ended: Wed Dec 04 21:30:37 2024
    Info: Elapsed time: 00:00:05
    Info: Total CPU time (on all processors): 00:00:02


