Flow report for MIPS
Mon Nov 25 23:50:10 2024
Quartus II 64-Bit Version 13.0.0 Build 156 04/24/2013 SJ Web Edition


---------------------
; Table of Contents ;
---------------------
  1. Legal Notice
  2. Flow Summary
  3. Flow Settings
  4. Flow Non-Default Global Settings
  5. Flow Elapsed Time
  6. Flow OS Summary
  7. Flow Log
  8. Flow Messages
  9. Flow Suppressed Messages



----------------
; Legal Notice ;
----------------
Copyright (C) 1991-2013 Altera Corporation
Your use of Altera Corporation's design tools, logic functions 
and other software and tools, and its AMPP partner logic 
functions, and any output files from any of the foregoing 
(including device programming or simulation files), and any 
associated documentation or information are expressly subject 
to the terms and conditions of the Altera Program License 
Subscription Agreement, Altera MegaCore Function License 
Agreement, or other applicable license agreement, including, 
without limitation, that your use is for the sole purpose of 
programming logic devices manufactured by Altera and sold by 
Altera or its authorized distributors.  Please refer to the 
applicable agreement for further details.



+---------------------------------------------------------------------------------+
; Flow Summary                                                                    ;
+------------------------------------+--------------------------------------------+
; Flow Status                        ; Successful - Mon Nov 25 23:50:10 2024      ;
; Quartus II 64-Bit Version          ; 13.0.0 Build 156 04/24/2013 SJ Web Edition ;
; Revision Name                      ; MIPS                                       ;
; Top-level Entity Name              ; MIPS                                       ;
; Family                             ; Cyclone IV GX                              ;
; Total logic elements               ; 352 / 14,400 ( 2 % )                       ;
;     Total combinational functions  ; 293 / 14,400 ( 2 % )                       ;
;     Dedicated logic registers      ; 136 / 14,400 ( < 1 % )                     ;
; Total registers                    ; 136                                        ;
; Total pins                         ; 18 / 81 ( 22 % )                           ;
; Total virtual pins                 ; 0                                          ;
; Total memory bits                  ; 0 / 552,960 ( 0 % )                        ;
; Embedded Multiplier 9-bit elements ; 0                                          ;
; Total GXB Receiver Channel PCS     ; 0 / 2 ( 0 % )                              ;
; Total GXB Receiver Channel PMA     ; 0 / 2 ( 0 % )                              ;
; Total GXB Transmitter Channel PCS  ; 0 / 2 ( 0 % )                              ;
; Total GXB Transmitter Channel PMA  ; 0 / 2 ( 0 % )                              ;
; Total PLLs                         ; 0 / 3 ( 0 % )                              ;
; Device                             ; EP4CGX15BF14C6                             ;
; Timing Models                      ; Final                                      ;
+------------------------------------+--------------------------------------------+


+-----------------------------------------+
; Flow Settings                           ;
+-------------------+---------------------+
; Option            ; Setting             ;
+-------------------+---------------------+
; Start date & time ; 11/25/2024 23:49:47 ;
; Main task         ; Compilation         ;
; Revision Name     ; MIPS                ;
+-------------------+---------------------+


+---------------------------------------------------------------------------------------------------------------------+
; Flow Non-Default Global Settings                                                                                    ;
+-------------------------------------+--------------------------------+---------------+-------------+----------------+
; Assignment Name                     ; Value                          ; Default Value ; Entity Name ; Section Id     ;
+-------------------------------------+--------------------------------+---------------+-------------+----------------+
; COMPILER_SIGNATURE_ID               ; 66504338594948.173258938722328 ; --            ; --          ; --             ;
; EDA_OUTPUT_DATA_FORMAT              ; Vhdl                           ; --            ; --          ; eda_simulation ;
; EDA_SIMULATION_TOOL                 ; ModelSim-Altera (VHDL)         ; <None>        ; --          ; --             ;
; PARTITION_COLOR                     ; 16764057                       ; --            ; --          ; Top            ;
; PARTITION_FITTER_PRESERVATION_LEVEL ; PLACEMENT_AND_ROUTING          ; --            ; --          ; Top            ;
; PARTITION_NETLIST_TYPE              ; SOURCE                         ; --            ; --          ; Top            ;
; PROJECT_OUTPUT_DIRECTORY            ; output_files                   ; --            ; --          ; --             ;
; VHDL_INPUT_VERSION                  ; VHDL_2008                      ; VHDL_1993     ; --          ; --             ;
; VHDL_SHOW_LMF_MAPPING_MESSAGES      ; Off                            ; --            ; --          ; --             ;
+-------------------------------------+--------------------------------+---------------+-------------+----------------+


+-------------------------------------------------------------------------------------------------------------------------------+
; Flow Elapsed Time                                                                                                             ;
+---------------------------+--------------+-------------------------+---------------------+------------------------------------+
; Module Name               ; Elapsed Time ; Average Processors Used ; Peak Virtual Memory ; Total CPU Time (on all processors) ;
+---------------------------+--------------+-------------------------+---------------------+------------------------------------+
; Analysis & Synthesis      ; 00:00:04     ; 1.0                     ; 4697 MB             ; 00:00:03                           ;
; Fitter                    ; 00:00:10     ; 1.0                     ; 4987 MB             ; 00:00:09                           ;
; Assembler                 ; 00:00:01     ; 1.0                     ; 4600 MB             ; 00:00:01                           ;
; TimeQuest Timing Analyzer ; 00:00:02     ; 1.0                     ; 4611 MB             ; 00:00:02                           ;
; EDA Netlist Writer        ; 00:00:01     ; 1.0                     ; 4576 MB             ; 00:00:01                           ;
; Total                     ; 00:00:18     ; --                      ; --                  ; 00:00:16                           ;
+---------------------------+--------------+-------------------------+---------------------+------------------------------------+


+----------------------------------------------------------------------------------------+
; Flow OS Summary                                                                        ;
+---------------------------+------------------+-----------+------------+----------------+
; Module Name               ; Machine Hostname ; OS Name   ; OS Version ; Processor type ;
+---------------------------+------------------+-----------+------------+----------------+
; Analysis & Synthesis      ; Erick-PC         ; Windows 7 ; 6.2        ; x86_64         ;
; Fitter                    ; Erick-PC         ; Windows 7 ; 6.2        ; x86_64         ;
; Assembler                 ; Erick-PC         ; Windows 7 ; 6.2        ; x86_64         ;
; TimeQuest Timing Analyzer ; Erick-PC         ; Windows 7 ; 6.2        ; x86_64         ;
; EDA Netlist Writer        ; Erick-PC         ; Windows 7 ; 6.2        ; x86_64         ;
+---------------------------+------------------+-----------+------------+----------------+


------------
; Flow Log ;
------------
quartus_map --read_settings_files=on --write_settings_files=off MIPS -c MIPS
quartus_fit --read_settings_files=off --write_settings_files=off MIPS -c MIPS
quartus_asm --read_settings_files=off --write_settings_files=off MIPS -c MIPS
quartus_sta MIPS -c MIPS
quartus_eda --read_settings_files=off --write_settings_files=off MIPS -c MIPS



