PowerPlay Early Power Estimator File Generator report for MIPS
Sun Dec 08 13:56:08 2024
Quartus II 64-Bit Version 13.0.0 Build 156 04/24/2013 SJ Web Edition


---------------------
; Table of Contents ;
---------------------
  1. Legal Notice
  2. PowerPlay Early Power Estimator File Generator Summary
  3. PowerPlay Early Power Estimator File Generator Settings
  4. PowerPlay Early Power Estimator File Generator Generated Files
  5. Confidence Metric Details
  6. Signal Activities
  7. PowerPlay Early Power Estimator File Generator Messages



----------------
; Legal Notice ;
----------------
Copyright (C) 1991-2013 Altera Corporation
Your use of Altera Corporation's design tools, logic functions 
and other software and tools, and its AMPP partner logic 
functions, and any output files from any of the foregoing 
(including device programming or simulation files), and any 
associated documentation or information are expressly subject 
to the terms and conditions of the Altera Program License 
Subscription Agreement, Altera MegaCore Function License 
Agreement, or other applicable license agreement, including, 
without limitation, that your use is for the sole purpose of 
programming logic devices manufactured by Altera and sold by 
Altera or its authorized distributors.  Please refer to the 
applicable agreement for further details.



+----------------------------------------------------------------------------------------------------------+
; PowerPlay Early Power Estimator File Generator Summary                                                   ;
+-------------------------------------------------------+--------------------------------------------------+
; PowerPlay Early Power Estimator File Generator Status ; Successful - Sun Dec 08 13:56:08 2024            ;
; Quartus II 64-Bit Version                             ; 13.0.0 Build 156 04/24/2013 SJ Web Edition       ;
; Revision Name                                         ; MIPS                                             ;
; Top-level Entity Name                                 ; MIPS                                             ;
; Family                                                ; Cyclone III                                      ;
; Device                                                ; EP3C5F256C6                                      ;
; Power Estimation Confidence                           ; Low: user provided insufficient toggle rate data ;
+-------------------------------------------------------+--------------------------------------------------+


+------------------------------------------------------------------------------------------------------+
; PowerPlay Early Power Estimator File Generator Settings                                              ;
+----------------------------------------------------------------------------+---------+---------------+
; Option                                                                     ; Setting ; Default Value ;
+----------------------------------------------------------------------------+---------+---------------+
; Use smart compilation                                                      ; Off     ; Off           ;
; Enable parallel Assembler and TimeQuest Timing Analyzer during compilation ; On      ; On            ;
; Enable compact report table                                                ; Off     ; Off           ;
; Default Power Toggle Rate                                                  ; 12.5%   ; 12.5%         ;
; Default Power Input I/O Toggle Rate                                        ; 12.5%   ; 12.5%         ;
; Use vectorless estimation                                                  ; On      ; On            ;
; Use Input Files                                                            ; Off     ; Off           ;
; Filter Glitches in VCD File Reader                                         ; On      ; On            ;
; Power Analyzer Report Signal Activity                                      ; Off     ; Off           ;
; Power Analyzer Report Power Dissipation                                    ; Off     ; Off           ;
; Device Power Characteristics                                               ; TYPICAL ; TYPICAL       ;
; Automatically Compute Junction Temperature                                 ; On      ; On            ;
; Specified Junction Temperature                                             ; 25      ; 25            ;
; Ambient Temperature                                                        ; 25      ; 25            ;
; Use Custom Cooling Solution                                                ; Off     ; Off           ;
; Board Temperature                                                          ; 25      ; 25            ;
; Enable HPS                                                                 ; Off     ; Off           ;
; Processor Frequency                                                        ; 0.0     ; 0.0           ;
+----------------------------------------------------------------------------+---------+---------------+


+-------------------------------------------------------------------------------------+
; PowerPlay Early Power Estimator File Generator Generated Files                      ;
+----------------------------------------------------------------+--------------------+
; Description                                                    ; Filename           ;
+----------------------------------------------------------------+--------------------+
; Design summary for PowerPlay Early Power Estimator spreadsheet ; MIPS_early_pwr.csv ;
+----------------------------------------------------------------+--------------------+


+---------------------------------------------------------------------------------------------------------------------------------------------------+
; Confidence Metric Details                                                                                                                         ;
+----------------------------------------------------------------------------------------+--------------+------------+--------------+---------------+
; Data Source                                                                            ; Total        ; Pin        ; Registered   ; Combinational ;
+----------------------------------------------------------------------------------------+--------------+------------+--------------+---------------+
; Simulation (from file)                                                                 ;              ;            ;              ;               ;
;     -- Number of signals with Toggle Rate from Simulation                              ; 0 (0.0%)     ; 0 (0.0%)   ; 0 (0.0%)     ; 0 (0.0%)      ;
;     -- Number of signals with Static Probability from Simulation                       ; 0 (0.0%)     ; 0 (0.0%)   ; 0 (0.0%)     ; 0 (0.0%)      ;
;                                                                                        ;              ;            ;              ;               ;
; Node, entity or clock assignment                                                       ;              ;            ;              ;               ;
;     -- Number of signals with Toggle Rate from Node, entity or clock assignment        ; 1 (0.1%)     ; 1 (4.3%)   ; 0 (0.0%)     ; 0 (0.0%)      ;
;     -- Number of signals with Static Probability from Node, entity or clock assignment ; 1 (0.1%)     ; 1 (4.3%)   ; 0 (0.0%)     ; 0 (0.0%)      ;
;                                                                                        ;              ;            ;              ;               ;
; Vectorless estimation                                                                  ;              ;            ;              ;               ;
;     -- Number of signals with Toggle Rate from Vectorless estimation                   ; 1252 (99.7%) ; 19 (82.6%) ; 392 (100.0%) ; 841 (100.0%)  ;
;     -- Number of signals with Zero toggle rate, from Vectorless estimation             ; 6 (0.5%)     ; 2 (8.7%)   ; 0 (0.0%)     ; 4 (0.5%)      ;
;     -- Number of signals with Static Probability from Vectorless estimation            ; 1252 (99.7%) ; 19 (82.6%) ; 392 (100.0%) ; 841 (100.0%)  ;
;                                                                                        ;              ;            ;              ;               ;
; Default assignment                                                                     ;              ;            ;              ;               ;
;     -- Number of signals with Toggle Rate from Default assignment                      ; 0 (0.0%)     ; 0 (0.0%)   ; 0 (0.0%)     ; 0 (0.0%)      ;
;     -- Number of signals with Static Probability from Default assignment               ; 3 (0.2%)     ; 3 (13.0%)  ; 0 (0.0%)     ; 0 (0.0%)      ;
;                                                                                        ;              ;            ;              ;               ;
; Assumed 0                                                                              ;              ;            ;              ;               ;
;     -- Number of signals with Toggle Rate assumed 0                                    ; 3 (0.2%)     ; 3 (13.0%)  ; 0 (0.0%)     ; 0 (0.0%)      ;
+----------------------------------------------------------------------------------------+--------------+------------+--------------+---------------+


+---------------------------------------------------------------------------------------------------------------------------------------------+
; Signal Activities                                                                                                                           ;
+--------+------+---------------------------------------------+-------------------------+--------------------+--------------------------------+
; Signal ; Type ; Toggle Rate (millions of transitions / sec) ; Toggle Rate Data Source ; Static Probability ; Static Probability Data Source ;
+--------+------+---------------------------------------------+-------------------------+--------------------+--------------------------------+
(1) The "Signal Activity" Table has been hidden. To show this table, please select the "Write signal activities to report file" option under "PowerPlay Power Analyzer Settings".


+---------------------------------------------------------+
; PowerPlay Early Power Estimator File Generator Messages ;
+---------------------------------------------------------+
Info: *******************************************************************
Info: Running Quartus II 64-Bit PowerPlay Early Power Estimator File Generator
    Info: Version 13.0.0 Build 156 04/24/2013 SJ Web Edition
    Info: Processing started: Sun Dec 08 13:56:02 2024
Info: Command: quartus_pow --read_settings_files=on --write_settings_files=off MIPS -c MIPS --estimate_power=off --output_epe=MIPS_early_pwr.csv
Info (21076): High junction temperature operating condition is not set. Assuming a default value of '85'.
Info (21076): Low junction temperature operating condition is not set. Assuming a default value of '0'.
Info (332104): Reading SDC File: 'MIPS.sdc'
Warning (332174): Ignored filter at MIPS.sdc(8): R0_out could not be matched with a port
Warning (332174): Ignored filter at MIPS.sdc(8): R1_out could not be matched with a port
Warning (332049): Ignored set_output_delay at MIPS.sdc(8): Argument <targets> is an empty collection
    Info (332050): set_output_delay -clock clock 3.0 [get_ports {R0_out R1_out}]
Info (332151): Clock uncertainty is not calculated until you update the timing netlist.
Info (332123): Deriving Clock Uncertainty. Please refer to report_sdc in TimeQuest to see clock uncertainties.
Info (223000): Starting Vectorless Power Activity Estimation
Info (223001): Completed Vectorless Power Activity Estimation
Info (218000): Using Advanced I/O Power to simulate I/O buffers with the specified board trace model
Warning (215044): No board thermal model was selected.  Analyzing without board thermal modeling.
Info (214002): Created PowerPlay Early Power Estimation file "MIPS_early_pwr.csv"
Info (215029): No power estimate will be produced.
Info (215049): Average toggle rate for this design is 12.487 millions of transitions / sec
Info: Quartus II 64-Bit PowerPlay Early Power Estimator File Generator was successful. 0 errors, 4 warnings
    Info: Peak virtual memory: 4567 megabytes
    Info: Processing ended: Sun Dec 08 13:56:08 2024
    Info: Elapsed time: 00:00:06
    Info: Total CPU time (on all processors): 00:00:01


